mkdir: cannot create directory ‘/work1/asd2213857/script_test/autoscript2/TestMuSiCa/test_files/musica_result’: File exists
Loading required package: devtools
Loading required package: usethis
Loading required package: data.table
Loading required package: ggplot2
Loading required package: caTools
Loading required package: heatmaply
Loading required package: plotly

Attaching package: ‘plotly’

The following object is masked from ‘package:ggplot2’:

    last_plot

The following object is masked from ‘package:stats’:

    filter

The following object is masked from ‘package:graphics’:

    layout

Loading required package: viridis
Loading required package: viridisLite

======================
Welcome to heatmaply version 1.1.1

Type citation('heatmaply') for how to cite the package.
Type ?heatmaply for the main documentation.

The github page is: https://github.com/talgalili/heatmaply/
Please submit your suggestions and bug-reports at: https://github.com/talgalili/heatmaply/issues
Or contact: <tal.galili@gmail.com>
======================

Loading required package: gplots

Attaching package: ‘gplots’

The following object is masked from ‘package:stats’:

    lowess

Loading required package: reshape2

Attaching package: ‘reshape2’

The following objects are masked from ‘package:data.table’:

    dcast, melt

Loading required package: readxl
Loading required package: openxlsx
Loading required package: Cairo
Loading required package: webshot
--2020-11-18 05:02:08--  https://github.com/wch/webshot/releases/download/v0.3.1/phantomjs-2.1.1-linux-x86_64.tar.bz2
Resolving github.com (github.com)... 52.192.72.89
Connecting to github.com (github.com)|52.192.72.89|:443... connected.
HTTP request sent, awaiting response... 302 Found
Location: https://github-production-release-asset-2e65be.s3.amazonaws.com/28097154/191b8d76-3870-11e6-8492-4d5a60718494?X-Amz-Algorithm=AWS4-HMAC-SHA256&X-Amz-Credential=AKIAIWNJYAX4CSVEH53A%2F20201117%2Fus-east-1%2Fs3%2Faws4_request&X-Amz-Date=20201117T210021Z&X-Amz-Expires=300&X-Amz-Signature=a4aaec017dc526ae261c27c86c5f5a31f4c1daeb1e45fae246188fff2e1d14f5&X-Amz-SignedHeaders=host&actor_id=0&key_id=0&repo_id=28097154&response-content-disposition=attachment%3B%20filename%3Dphantomjs-2.1.1-linux-x86_64.tar.bz2&response-content-type=application%2Foctet-stream [following]
--2020-11-18 05:02:08--  https://github-production-release-asset-2e65be.s3.amazonaws.com/28097154/191b8d76-3870-11e6-8492-4d5a60718494?X-Amz-Algorithm=AWS4-HMAC-SHA256&X-Amz-Credential=AKIAIWNJYAX4CSVEH53A%2F20201117%2Fus-east-1%2Fs3%2Faws4_request&X-Amz-Date=20201117T210021Z&X-Amz-Expires=300&X-Amz-Signature=a4aaec017dc526ae261c27c86c5f5a31f4c1daeb1e45fae246188fff2e1d14f5&X-Amz-SignedHeaders=host&actor_id=0&key_id=0&repo_id=28097154&response-content-disposition=attachment%3B%20filename%3Dphantomjs-2.1.1-linux-x86_64.tar.bz2&response-content-type=application%2Foctet-stream
Resolving github-production-release-asset-2e65be.s3.amazonaws.com (github-production-release-asset-2e65be.s3.amazonaws.com)... 52.216.147.11
Connecting to github-production-release-asset-2e65be.s3.amazonaws.com (github-production-release-asset-2e65be.s3.amazonaws.com)|52.216.147.11|:443... connected.
HTTP request sent, awaiting response... 200 OK
Length: 23415665 (22M) [application/octet-stream]
Saving to: ‘phantomjs-2.1.1-linux-x86_64.tar.bz2’

     0K .......... .......... .......... .......... ..........  0%  111K 3m26s
    50K .......... .......... .......... .......... ..........  0% 73.2M 1m43s
   100K .......... .......... .......... .......... ..........  0%  222K 1m42s
   150K .......... .......... .......... .......... ..........  0% 49.9M 77s
   200K .......... .......... .......... .......... ..........  1%  223K 82s
   250K .......... .......... .......... .......... ..........  1% 72.4M 68s
   300K .......... .......... .......... .......... ..........  1% 62.0M 58s
   350K .......... .......... .......... .......... ..........  1% 99.9M 51s
   400K .......... .......... .......... .......... ..........  1% 94.4M 45s
   450K .......... .......... .......... .......... ..........  2% 1.31M 42s
   500K .......... .......... .......... .......... ..........  2%  269K 46s
   550K .......... .......... .......... .......... ..........  2%  112M 42s
   600K .......... .......... .......... .......... ..........  2% 83.0M 39s
   650K .......... .......... .......... .......... ..........  3% 89.3M 36s
   700K .......... .......... .......... .......... ..........  3% 93.9M 33s
   750K .......... .......... .......... .......... ..........  3% 69.6M 31s
   800K .......... .......... .......... .......... ..........  3% 66.4M 29s
   850K .......... .......... .......... .......... ..........  3%  102M 28s
   900K .......... .......... .......... .......... ..........  4% 99.9M 26s
   950K .......... .......... .......... .......... ..........  4% 1.40M 26s
  1000K .......... .......... .......... .......... ..........  4%  269K 28s
  1050K .......... .......... .......... .......... ..........  4% 94.5M 27s
  1100K .......... .......... .......... .......... ..........  5% 66.4M 26s
  1150K .......... .......... .......... .......... ..........  5% 99.8M 24s
  1200K .......... .......... .......... .......... ..........  5% 93.4M 23s
  1250K .......... .......... .......... .......... ..........  5% 93.8M 22s
  1300K .......... .......... .......... .......... ..........  5%  110M 22s
  1350K .......... .......... .......... .......... ..........  6% 99.4M 21s
  1400K .......... .......... .......... .......... ..........  6%  176M 20s
  1450K .......... .......... .......... .......... ..........  6% 99.4M 19s
  1500K .......... .......... .......... .......... ..........  6%  107M 19s
  1550K .......... .......... .......... .......... ..........  6% 99.2M 18s
  1600K .......... .......... .......... .......... ..........  7%  100M 17s
  1650K .......... .......... .......... .......... ..........  7% 99.9M 17s
  1700K .......... .......... .......... .......... ..........  7%  103M 16s
  1750K .......... .......... .......... .......... ..........  7% 98.5M 16s
  1800K .......... .......... .......... .......... ..........  8%  100M 15s
  1850K .......... .......... .......... .......... ..........  8% 99.4M 15s
  1900K .......... .......... .......... .......... ..........  8% 1.52M 15s
  1950K .......... .......... .......... .......... ..........  8% 83.4M 15s
  2000K .......... .......... .......... .......... ..........  8%  173M 14s
  2050K .......... .......... .......... .......... ..........  9%  102M 14s
  2100K .......... .......... .......... .......... ..........  9%  272K 15s
  2150K .......... .......... .......... .......... ..........  9% 83.2M 15s
  2200K .......... .......... .......... .......... ..........  9%  125M 14s
  2250K .......... .......... .......... .......... .......... 10%  108M 14s
  2300K .......... .......... .......... .......... .......... 10%  124M 14s
  2350K .......... .......... .......... .......... .......... 10%  111M 13s
  2400K .......... .......... .......... .......... .......... 10% 89.2M 13s
  2450K .......... .......... .......... .......... .......... 10% 97.1M 13s
  2500K .......... .......... .......... .......... .......... 11%  106M 13s
  2550K .......... .......... .......... .......... .......... 11% 86.1M 12s
  2600K .......... .......... .......... .......... .......... 11%  239M 12s
  2650K .......... .......... .......... .......... .......... 11% 98.8M 12s
  2700K .......... .......... .......... .......... .......... 12%  105M 12s
  2750K .......... .......... .......... .......... .......... 12%  179M 11s
  2800K .......... .......... .......... .......... .......... 12%  106M 11s
  2850K .......... .......... .......... .......... .......... 12% 82.4M 11s
  2900K .......... .......... .......... .......... .......... 12%  120M 11s
  2950K .......... .......... .......... .......... .......... 13%  100M 10s
  3000K .......... .......... .......... .......... .......... 13%  145M 10s
  3050K .......... .......... .......... .......... .......... 13%  128M 10s
  3100K .......... .......... .......... .......... .......... 13% 97.2M 10s
  3150K .......... .......... .......... .......... .......... 13%  182M 10s
  3200K .......... .......... .......... .......... .......... 14%  100M 10s
  3250K .......... .......... .......... .......... .......... 14%  103M 9s
  3300K .......... .......... .......... .......... .......... 14% 99.7M 9s
  3350K .......... .......... .......... .......... .......... 14%  106M 9s
  3400K .......... .......... .......... .......... .......... 15%  177M 9s
  3450K .......... .......... .......... .......... .......... 15% 97.8M 9s
  3500K .......... .......... .......... .......... .......... 15%  106M 9s
  3550K .......... .......... .......... .......... .......... 15%  214K 10s
  3600K .......... .......... .......... .......... .......... 15%  467M 10s
  3650K .......... .......... .......... .......... .......... 16%  437M 9s
  3700K .......... .......... .......... .......... .......... 16%  532M 9s
  3750K .......... .......... .......... .......... .......... 16%  514M 9s
  3800K .......... .......... .......... .......... .......... 16%  545M 9s
  3850K .......... .......... .......... .......... .......... 17%  477M 9s
  3900K .......... .......... .......... .......... .......... 17%  553M 9s
  3950K .......... .......... .......... .......... .......... 17%  530M 9s
  4000K .......... .......... .......... .......... .......... 17%  500M 8s
  4050K .......... .......... .......... .......... .......... 17%  425M 8s
  4100K .......... .......... .......... .......... .......... 18%  491M 8s
  4150K .......... .......... .......... .......... .......... 18%  544M 8s
  4200K .......... .......... .......... .......... .......... 18%  483M 8s
  4250K .......... .......... .......... .......... .......... 18%  440M 8s
  4300K .......... .......... .......... .......... .......... 19%  561M 8s
  4350K .......... .......... .......... .......... .......... 19%  555M 8s
  4400K .......... .......... .......... .......... .......... 19%  525M 8s
  4450K .......... .......... .......... .......... .......... 19%  460M 7s
  4500K .......... .......... .......... .......... .......... 19%  525M 7s
  4550K .......... .......... .......... .......... .......... 20%  532M 7s
  4600K .......... .......... .......... .......... .......... 20%  528M 7s
  4650K .......... .......... .......... .......... .......... 20%  429M 7s
  4700K .......... .......... .......... .......... .......... 20%  510M 7s
  4750K .......... .......... .......... .......... .......... 20%  486M 7s
  4800K .......... .......... .......... .......... .......... 21%  513M 7s
  4850K .......... .......... .......... .......... .......... 21%  417M 7s
  4900K .......... .......... .......... .......... .......... 21%  533M 7s
  4950K .......... .......... .......... .......... .......... 21%  491M 7s
  5000K .......... .......... .......... .......... .......... 22%  524M 6s
  5050K .......... .......... .......... .......... .......... 22%  463M 6s
  5100K .......... .......... .......... .......... .......... 22%  552M 6s
  5150K .......... .......... .......... .......... .......... 22%  536M 6s
  5200K .......... .......... .......... .......... .......... 22%  561M 6s
  5250K .......... .......... .......... .......... .......... 23%  446M 6s
  5300K .......... .......... .......... .......... .......... 23%  569M 6s
  5350K .......... .......... .......... .......... .......... 23%  525M 6s
  5400K .......... .......... .......... .......... .......... 23%  494M 6s
  5450K .......... .......... .......... .......... .......... 24%  483M 6s
  5500K .......... .......... .......... .......... .......... 24%  499M 6s
  5550K .......... .......... .......... .......... .......... 24%  476M 6s
  5600K .......... .......... .......... .......... .......... 24%  491M 6s
  5650K .......... .......... .......... .......... .......... 24%  419M 6s
  5700K .......... .......... .......... .......... .......... 25%  548M 5s
  5750K .......... .......... .......... .......... .......... 25%  561M 5s
  5800K .......... .......... .......... .......... .......... 25%  514M 5s
  5850K .......... .......... .......... .......... .......... 25%  499M 5s
  5900K .......... .......... .......... .......... .......... 26%  546M 5s
  5950K .......... .......... .......... .......... .......... 26%  558M 5s
  6000K .......... .......... .......... .......... .......... 26%  563M 5s
  6050K .......... .......... .......... .......... .......... 26%  441M 5s
  6100K .......... .......... .......... .......... .......... 26%  466M 5s
  6150K .......... .......... .......... .......... .......... 27%  505M 5s
  6200K .......... .......... .......... .......... .......... 27%  513M 5s
  6250K .......... .......... .......... .......... .......... 27%  450M 5s
  6300K .......... .......... .......... .......... .......... 27%  498M 5s
  6350K .......... .......... .......... .......... .......... 27%  487M 5s
  6400K .......... .......... .......... .......... .......... 28%  512M 5s
  6450K .......... .......... .......... .......... .......... 28%  455M 5s
  6500K .......... .......... .......... .......... .......... 28%  555M 5s
  6550K .......... .......... .......... .......... .......... 28%  545M 5s
  6600K .......... .......... .......... .......... .......... 29%  226K 5s
  6650K .......... .......... .......... .......... .......... 29% 82.8M 5s
  6700K .......... .......... .......... .......... .......... 29%  140M 5s
  6750K .......... .......... .......... .......... .......... 29%  124M 5s
  6800K .......... .......... .......... .......... .......... 29% 92.8M 5s
  6850K .......... .......... .......... .......... .......... 30%  102M 5s
  6900K .......... .......... .......... .......... .......... 30%  100M 5s
  6950K .......... .......... .......... .......... .......... 30%  100M 5s
  7000K .......... .......... .......... .......... .......... 30%  106M 5s
  7050K .......... .......... .......... .......... .......... 31% 96.5M 5s
  7100K .......... .......... .......... .......... .......... 31%  100M 5s
  7150K .......... .......... .......... .......... .......... 31%  172M 4s
  7200K .......... .......... .......... .......... .......... 31%  108M 4s
  7250K .......... .......... .......... .......... .......... 31% 95.2M 4s
  7300K .......... .......... .......... .......... .......... 32%  107M 4s
  7350K .......... .......... .......... .......... .......... 32% 99.9M 4s
  7400K .......... .......... .......... .......... .......... 32%  176M 4s
  7450K .......... .......... .......... .......... .......... 32% 98.2M 4s
  7500K .......... .......... .......... .......... .......... 33%  106M 4s
  7550K .......... .......... .......... .......... .......... 33% 99.2M 4s
  7600K .......... .......... .......... .......... .......... 33% 99.7M 4s
  7650K .......... .......... .......... .......... .......... 33%  102M 4s
  7700K .......... .......... .......... .......... .......... 33% 99.7M 4s
  7750K .......... .......... .......... .......... .......... 34%  178M 4s
  7800K .......... .......... .......... .......... .......... 34%  106M 4s
  7850K .......... .......... .......... .......... .......... 34% 97.6M 4s
  7900K .......... .......... .......... .......... .......... 34%  176M 4s
  7950K .......... .......... .......... .......... .......... 34%  100M 4s
  8000K .......... .......... .......... .......... .......... 35%  106M 4s
  8050K .......... .......... .......... .......... .......... 35%  101M 4s
  8100K .......... .......... .......... .......... .......... 35%  101M 4s
  8150K .......... .......... .......... .......... .......... 35%  236K 4s
  8200K .......... .......... .......... .......... .......... 36%  103M 4s
  8250K .......... .......... .......... .......... .......... 36%  155M 4s
  8300K .......... .......... .......... .......... .......... 36%  106M 4s
  8350K .......... .......... .......... .......... .......... 36%  106M 4s
  8400K .......... .......... .......... .......... .......... 36%  100M 4s
  8450K .......... .......... .......... .......... .......... 37%  102M 4s
  8500K .......... .......... .......... .......... .......... 37%  179M 4s
  8550K .......... .......... .......... .......... .......... 37% 99.1M 4s
  8600K .......... .......... .......... .......... .......... 37%  105M 4s
  8650K .......... .......... .......... .......... .......... 38% 89.2M 4s
  8700K .......... .......... .......... .......... .......... 38%  146M 4s
  8750K .......... .......... .......... .......... .......... 38%  120M 4s
  8800K .......... .......... .......... .......... .......... 38% 98.1M 4s
  8850K .......... .......... .......... .......... .......... 38%  109M 4s
  8900K .......... .......... .......... .......... .......... 39%  107M 4s
  8950K .......... .......... .......... .......... .......... 39%  100M 4s
  9000K .......... .......... .......... .......... .......... 39% 99.1M 3s
  9050K .......... .......... .......... .......... .......... 39% 65.7M 3s
  9100K .......... .......... .......... .......... .......... 40% 49.5M 3s
  9150K .......... .......... .......... .......... .......... 40% 66.8M 3s
  9200K .......... .......... .......... .......... .......... 40% 94.1M 3s
  9250K .......... .......... .......... .......... .......... 40% 67.5M 3s
  9300K .......... .......... .......... .......... .......... 40% 51.5M 3s
  9350K .......... .......... .......... .......... .......... 41% 99.2M 3s
  9400K .......... .......... .......... .......... .......... 41% 66.4M 3s
  9450K .......... .......... .......... .......... .......... 41% 97.2M 3s
  9500K .......... .......... .......... .......... .......... 41% 63.9M 3s
  9550K .......... .......... .......... .......... .......... 41%  106M 3s
  9600K .......... .......... .......... .......... .......... 42% 99.5M 3s
  9650K .......... .......... .......... .......... .......... 42% 67.8M 3s
  9700K .......... .......... .......... .......... .......... 42% 99.2M 3s
  9750K .......... .......... .......... .......... .......... 42% 99.8M 3s
  9800K .......... .......... .......... .......... .......... 43% 99.4M 3s
  9850K .......... .......... .......... .......... .......... 43%  171M 3s
  9900K .......... .......... .......... .......... .......... 43%  106M 3s
  9950K .......... .......... .......... .......... .......... 43% 94.3M 3s
 10000K .......... .......... .......... .......... .......... 43% 99.7M 3s
 10050K .......... .......... .......... .......... .......... 44% 67.6M 3s
 10100K .......... .......... .......... .......... .......... 44%  105M 3s
 10150K .......... .......... .......... .......... .......... 44%  100M 3s
 10200K .......... .......... .......... .......... .......... 44% 99.3M 3s
 10250K .......... .......... .......... .......... .......... 45%  173M 3s
 10300K .......... .......... .......... .......... .......... 45%  106M 3s
 10350K .......... .......... .......... .......... .......... 45% 99.3M 3s
 10400K .......... .......... .......... .......... .......... 45%  128M 3s
 10450K .......... .......... .......... .......... .......... 45% 79.5M 3s
 10500K .......... .......... .......... .......... .......... 46%  100M 3s
 10550K .......... .......... .......... .......... .......... 46%  105M 3s
 10600K .......... .......... .......... .......... .......... 46% 94.5M 3s
 10650K .......... .......... .......... .......... .......... 46%  102M 3s
 10700K .......... .......... .......... .......... .......... 47%  250K 3s
 10750K .......... .......... .......... .......... .......... 47% 86.4M 3s
 10800K .......... .......... .......... .......... .......... 47% 98.3M 3s
 10850K .......... .......... .......... .......... .......... 47% 70.5M 3s
 10900K .......... .......... .......... .......... .......... 47%  100M 3s
 10950K .......... .......... .......... .......... .......... 48%  178M 3s
 11000K .......... .......... .......... .......... .......... 48% 99.7M 3s
 11050K .......... .......... .......... .......... .......... 48%  103M 3s
 11100K .......... .......... .......... .......... .......... 48% 84.3M 3s
 11150K .......... .......... .......... .......... .......... 48%  247M 3s
 11200K .......... .......... .......... .......... .......... 49% 98.7M 3s
 11250K .......... .......... .......... .......... .......... 49%  105M 3s
 11300K .......... .......... .......... .......... .......... 49% 96.0M 3s
 11350K .......... .......... .......... .......... .......... 49%  111M 3s
 11400K .......... .......... .......... .......... .......... 50%  178M 3s
 11450K .......... .......... .......... .......... .......... 50% 97.4M 2s
 11500K .......... .......... .......... .......... .......... 50%  106M 2s
 11550K .......... .......... .......... .......... .......... 50%  100M 2s
 11600K .......... .......... .......... .......... .......... 50%  178M 2s
 11650K .......... .......... .......... .......... .......... 51% 52.1M 2s
 11700K .......... .......... .......... .......... .......... 51% 49.9M 2s
 11750K .......... .......... .......... .......... .......... 51% 93.8M 2s
 11800K .......... .......... .......... .......... .......... 51% 69.2M 2s
 11850K .......... .......... .......... .......... .......... 52% 86.1M 2s
 11900K .......... .......... .......... .......... .......... 52% 70.8M 2s
 11950K .......... .......... .......... .......... .......... 52% 98.2M 2s
 12000K .......... .......... .......... .......... .......... 52% 69.0M 2s
 12050K .......... .......... .......... .......... .......... 52% 44.9M 2s
 12100K .......... .......... .......... .......... .......... 53%  132M 2s
 12150K .......... .......... .......... .......... .......... 53% 93.5M 2s
 12200K .......... .......... .......... .......... .......... 53%  106M 2s
 12250K .......... .......... .......... .......... .......... 53%  172M 2s
 12300K .......... .......... .......... .......... .......... 54% 69.1M 2s
 12350K .......... .......... .......... .......... .......... 54%  100M 2s
 12400K .......... .......... .......... .......... .......... 54% 92.5M 2s
 12450K .......... .......... .......... .......... .......... 54%  103M 2s
 12500K .......... .......... .......... .......... .......... 54% 99.7M 2s
 12550K .......... .......... .......... .......... .......... 55%  100M 2s
 12600K .......... .......... .......... .......... .......... 55%  105M 2s
 12650K .......... .......... .......... .......... .......... 55% 89.6M 2s
 12700K .......... .......... .......... .......... .......... 55%  103M 2s
 12750K .......... .......... .......... .......... .......... 55%  106M 2s
 12800K .......... .......... .......... .......... .......... 56%  100M 2s
 12850K .......... .......... .......... .......... .......... 56%  101M 2s
 12900K .......... .......... .......... .......... .......... 56%  100M 2s
 12950K .......... .......... .......... .......... .......... 56% 98.9M 2s
 13000K .......... .......... .......... .......... .......... 57%  100M 2s
 13050K .......... .......... .......... .......... .......... 57%  171M 2s
 13100K .......... .......... .......... .......... .......... 57% 68.9M 2s
 13150K .......... .......... .......... .......... .......... 57%  177M 2s
 13200K .......... .......... .......... .......... .......... 57%  106M 2s
 13250K .......... .......... .......... .......... .......... 58%  250K 2s
 13300K .......... .......... .......... .......... .......... 58% 81.4M 2s
 13350K .......... .......... .......... .......... .......... 58% 97.7M 2s
 13400K .......... .......... .......... .......... .......... 58%  124M 2s
 13450K .......... .......... .......... .......... .......... 59%  108M 2s
 13500K .......... .......... .......... .......... .......... 59% 90.2M 2s
 13550K .......... .......... .......... .......... .......... 59% 82.7M 2s
 13600K .......... .......... .......... .......... .......... 59% 66.5M 2s
 13650K .......... .......... .......... .......... .......... 59% 92.4M 2s
 13700K .......... .......... .......... .......... .......... 60% 66.5M 2s
 13750K .......... .......... .......... .......... .......... 60%  178M 2s
 13800K .......... .......... .......... .......... .......... 60%  106M 2s
 13850K .......... .......... .......... .......... .......... 60% 96.7M 2s
 13900K .......... .......... .......... .......... .......... 61%  179M 2s
 13950K .......... .......... .......... .......... .......... 61%  101M 2s
 14000K .......... .......... .......... .......... .......... 61% 99.7M 2s
 14050K .......... .......... .......... .......... .......... 61% 70.2M 2s
 14100K .......... .......... .......... .......... .......... 61%  177M 2s
 14150K .......... .......... .......... .......... .......... 62% 98.6M 2s
 14200K .......... .......... .......... .......... .......... 62%  107M 2s
 14250K .......... .......... .......... .......... .......... 62% 97.3M 2s
 14300K .......... .......... .......... .......... .......... 62% 99.6M 2s
 14350K .......... .......... .......... .......... .......... 62% 99.9M 2s
 14400K .......... .......... .......... .......... .......... 63%  175M 2s
 14450K .......... .......... .......... .......... .......... 63% 52.3M 2s
 14500K .......... .......... .......... .......... .......... 63% 66.4M 2s
 14550K .......... .......... .......... .......... .......... 63% 66.1M 2s
 14600K .......... .......... .......... .......... .......... 64%  101M 2s
 14650K .......... .......... .......... .......... .......... 64% 65.2M 2s
 14700K .......... .......... .......... .......... .......... 64% 99.6M 2s
 14750K .......... .......... .......... .......... .......... 64%  177M 1s
 14800K .......... .......... .......... .......... .......... 64% 69.2M 1s
 14850K .......... .......... .......... .......... .......... 65% 96.3M 1s
 14900K .......... .......... .......... .......... .......... 65%  106M 1s
 14950K .......... .......... .......... .......... .......... 65% 94.0M 1s
 15000K .......... .......... .......... .......... .......... 65% 51.4M 1s
 15050K .......... .......... .......... .......... .......... 66%  172M 1s
 15100K .......... .......... .......... .......... .......... 66%  105M 1s
 15150K .......... .......... .......... .......... .......... 66%  100M 1s
 15200K .......... .......... .......... .......... .......... 66%  176M 1s
 15250K .......... .......... .......... .......... .......... 66% 70.5M 1s
 15300K .......... .......... .......... .......... .......... 67%  177M 1s
 15350K .......... .......... .......... .......... .......... 67%  107M 1s
 15400K .......... .......... .......... .......... .......... 67% 93.3M 1s
 15450K .......... .......... .......... .......... .......... 67%  104M 1s
 15500K .......... .......... .......... .......... .......... 68% 93.7M 1s
 15550K .......... .......... .......... .......... .......... 68%  106M 1s
 15600K .......... .......... .......... .......... .......... 68% 99.6M 1s
 15650K .......... .......... .......... .......... .......... 68% 67.6M 1s
 15700K .......... .......... .......... .......... .......... 68%  178M 1s
 15750K .......... .......... .......... .......... .......... 69%  106M 1s
 15800K .......... .......... .......... .......... .......... 69%  100M 1s
 15850K .......... .......... .......... .......... .......... 69%  251K 1s
 15900K .......... .......... .......... .......... .......... 69% 48.7M 1s
 15950K .......... .......... .......... .......... .......... 69% 67.8M 1s
 16000K .......... .......... .......... .......... .......... 70%  177M 1s
 16050K .......... .......... .......... .......... .......... 70%  103M 1s
 16100K .......... .......... .......... .......... .......... 70%  100M 1s
 16150K .......... .......... .......... .......... .......... 70% 99.8M 1s
 16200K .......... .......... .......... .......... .......... 71% 64.8M 1s
 16250K .......... .......... .......... .......... .......... 71% 74.3M 1s
 16300K .......... .......... .......... .......... .......... 71%  128M 1s
 16350K .......... .......... .......... .......... .......... 71% 48.3M 1s
 16400K .......... .......... .......... .......... .......... 71% 95.9M 1s
 16450K .......... .......... .......... .......... .......... 72% 81.7M 1s
 16500K .......... .......... .......... .......... .......... 72% 74.7M 1s
 16550K .......... .......... .......... .......... .......... 72%  186M 1s
 16600K .......... .......... .......... .......... .......... 72%  106M 1s
 16650K .......... .......... .......... .......... .......... 73% 91.6M 1s
 16700K .......... .......... .......... .......... .......... 73%  113M 1s
 16750K .......... .......... .......... .......... .......... 73% 98.9M 1s
 16800K .......... .......... .......... .......... .......... 73%  182M 1s
 16850K .......... .......... .......... .......... .......... 73%  102M 1s
 16900K .......... .......... .......... .......... .......... 74% 93.5M 1s
 16950K .......... .......... .......... .......... .......... 74%  113M 1s
 17000K .......... .......... .......... .......... .......... 74% 93.5M 1s
 17050K .......... .......... .......... .......... .......... 74%  196M 1s
 17100K .......... .......... .......... .......... .......... 74%  104M 1s
 17150K .......... .......... .......... .......... .......... 75% 90.2M 1s
 17200K .......... .......... .......... .......... .......... 75%  101M 1s
 17250K .......... .......... .......... .......... .......... 75% 72.6M 1s
 17300K .......... .......... .......... .......... .......... 75% 63.6M 1s
 17350K .......... .......... .......... .......... .......... 76%  106M 1s
 17400K .......... .......... .......... .......... .......... 76% 99.8M 1s
 17450K .......... .......... .......... .......... .......... 76%  175M 1s
 17500K .......... .......... .......... .......... .......... 76% 57.9M 1s
 17550K .......... .......... .......... .......... .......... 76%  135M 1s
 17600K .......... .......... .......... .......... .......... 77% 90.3M 1s
 17650K .......... .......... .......... .......... .......... 77% 51.7M 1s
 17700K .......... .......... .......... .......... .......... 77%  142M 1s
 17750K .......... .......... .......... .......... .......... 77%  119M 1s
 17800K .......... .......... .......... .......... .......... 78% 93.9M 1s
 17850K .......... .......... .......... .......... .......... 78%  104M 1s
 17900K .......... .......... .......... .......... .......... 78%  182M 1s
 17950K .......... .......... .......... .......... .......... 78%  104M 1s
 18000K .......... .......... .......... .......... .......... 78% 94.2M 1s
 18050K .......... .......... .......... .......... .......... 79%  109M 1s
 18100K .......... .......... .......... .......... .......... 79% 93.6M 1s
 18150K .......... .......... .......... .......... .......... 79%  102M 1s
 18200K .......... .......... .......... .......... .......... 79%  103M 1s
 18250K .......... .......... .......... .......... .......... 80%  170M 1s
 18300K .......... .......... .......... .......... .......... 80% 69.4M 1s
 18350K .......... .......... .......... .......... .......... 80% 99.7M 1s
 18400K .......... .......... .......... .......... .......... 80% 99.2M 1s
 18450K .......... .......... .......... .......... .......... 80% 93.8M 1s
 18500K .......... .......... .......... .......... .......... 81%  253K 1s
 18550K .......... .......... .......... .......... .......... 81% 27.7M 1s
 18600K .......... .......... .......... .......... .......... 81% 99.3M 1s
 18650K .......... .......... .......... .......... .......... 81% 88.6M 1s
 18700K .......... .......... .......... .......... .......... 81% 82.0M 1s
 18750K .......... .......... .......... .......... .......... 82% 90.2M 1s
 18800K .......... .......... .......... .......... .......... 82% 99.1M 1s
 18850K .......... .......... .......... .......... .......... 82% 67.9M 1s
 18900K .......... .......... .......... .......... .......... 82% 90.6M 1s
 18950K .......... .......... .......... .......... .......... 83% 99.3M 1s
 19000K .......... .......... .......... .......... .......... 83% 49.9M 1s
 19050K .......... .......... .......... .......... .......... 83%  145M 1s
 19100K .......... .......... .......... .......... .......... 83% 69.1M 1s
 19150K .......... .......... .......... .......... .......... 83%  176M 1s
 19200K .......... .......... .......... .......... .......... 84% 69.5M 1s
 19250K .......... .......... .......... .......... .......... 84% 61.8M 1s
 19300K .......... .......... .......... .......... .......... 84%  230M 1s
 19350K .......... .......... .......... .......... .......... 84% 69.7M 1s
 19400K .......... .......... .......... .......... .......... 85% 99.5M 1s
 19450K .......... .......... .......... .......... .......... 85% 97.6M 1s
 19500K .......... .......... .......... .......... .......... 85%  179M 1s
 19550K .......... .......... .......... .......... .......... 85% 99.1M 1s
 19600K .......... .......... .......... .......... .......... 85% 51.3M 1s
 19650K .......... .......... .......... .......... .......... 86% 65.0M 1s
 19700K .......... .......... .......... .......... .......... 86%  105M 1s
 19750K .......... .......... .......... .......... .......... 86%  100M 0s
 19800K .......... .......... .......... .......... .......... 86%  179M 0s
 19850K .......... .......... .......... .......... .......... 87% 97.7M 0s
 19900K .......... .......... .......... .......... .......... 87%  105M 0s
 19950K .......... .......... .......... .......... .......... 87%  178M 0s
 20000K .......... .......... .......... .......... .......... 87%  100M 0s
 20050K .......... .......... .......... .......... .......... 87%  102M 0s
 20100K .......... .......... .......... .......... .......... 88% 99.9M 0s
 20150K .......... .......... .......... .......... .......... 88%  105M 0s
 20200K .......... .......... .......... .......... .......... 88% 99.8M 0s
 20250K .......... .......... .......... .......... .......... 88%  171M 0s
 20300K .......... .......... .......... .......... .......... 88%  106M 0s
 20350K .......... .......... .......... .......... .......... 89% 99.3M 0s
 20400K .......... .......... .......... .......... .......... 89%  181M 0s
 20450K .......... .......... .......... .......... .......... 89% 70.1M 0s
 20500K .......... .......... .......... .......... .......... 89%  180M 0s
 20550K .......... .......... .......... .......... .......... 90%  105M 0s
 20600K .......... .......... .......... .......... .......... 90%  100M 0s
 20650K .......... .......... .......... .......... .......... 90%  169M 0s
 20700K .......... .......... .......... .......... .......... 90%  106M 0s
 20750K .......... .......... .......... .......... .......... 90%  100M 0s
 20800K .......... .......... .......... .......... .......... 91%  180M 0s
 20850K .......... .......... .......... .......... .......... 91% 67.5M 0s
 20900K .......... .......... .......... .......... .......... 91%  105M 0s
 20950K .......... .......... .......... .......... .......... 91%  139M 0s
 21000K .......... .......... .......... .......... .......... 92% 77.6M 0s
 21050K .......... .......... .......... .......... .......... 92%  171M 0s
 21100K .......... .......... .......... .......... .......... 92% 69.1M 0s
 21150K .......... .......... .......... .......... .......... 92%  100M 0s
 21200K .......... .......... .......... .......... .......... 92% 99.6M 0s
 21250K .......... .......... .......... .......... .......... 93%  252K 0s
 21300K .......... .......... .......... .......... .......... 93% 39.5M 0s
 21350K .......... .......... .......... .......... .......... 93% 73.3M 0s
 21400K .......... .......... .......... .......... .......... 93%  124M 0s
 21450K .......... .......... .......... .......... .......... 94% 60.0M 0s
 21500K .......... .......... .......... .......... .......... 94% 62.9M 0s
 21550K .......... .......... .......... .......... .......... 94% 47.1M 0s
 21600K .......... .......... .......... .......... .......... 94% 56.5M 0s
 21650K .......... .......... .......... .......... .......... 94% 85.1M 0s
 21700K .......... .......... .......... .......... .......... 95% 47.3M 0s
 21750K .......... .......... .......... .......... .......... 95%  124M 0s
 21800K .......... .......... .......... .......... .......... 95%  111M 0s
 21850K .......... .......... .......... .......... .......... 95%  119M 0s
 21900K .......... .......... .......... .......... .......... 95% 77.4M 0s
 21950K .......... .......... .......... .......... .......... 96% 49.4M 0s
 22000K .......... .......... .......... .......... .......... 96% 64.2M 0s
 22050K .......... .......... .......... .......... .......... 96% 47.1M 0s
 22100K .......... .......... .......... .......... .......... 96% 99.2M 0s
 22150K .......... .......... .......... .......... .......... 97% 99.7M 0s
 22200K .......... .......... .......... .......... .......... 97%  100M 0s
 22250K .......... .......... .......... .......... .......... 97% 91.4M 0s
 22300K .......... .......... .......... .......... .......... 97%  106M 0s
 22350K .......... .......... .......... .......... .......... 97% 99.6M 0s
 22400K .......... .......... .......... .......... .......... 98%  180M 0s
 22450K .......... .......... .......... .......... .......... 98% 70.0M 0s
 22500K .......... .......... .......... .......... .......... 98%  179M 0s
 22550K .......... .......... .......... .......... .......... 98%  105M 0s
 22600K .......... .......... .......... .......... .......... 99%  100M 0s
 22650K .......... .......... .......... .......... .......... 99% 96.4M 0s
 22700K .......... .......... .......... .......... .......... 99%  100M 0s
 22750K .......... .......... .......... .......... .......... 99%  179M 0s
 22800K .......... .......... .......... .......... .......... 99%  106M 0s
 22850K .......... ......                                     100%  354M=3.4s

2020-11-18 05:02:12 (6.52 MB/s) - ‘phantomjs-2.1.1-linux-x86_64.tar.bz2’ saved [23415665/23415665]

phantomjs has been installed to /home/u9/asd2213857/bin
Loading required package: BiocManager
Bioconductor version 3.8 (BiocManager 1.30.10), ?BiocManager::install for help
Bioconductor version '3.8' is out-of-date; the current release version '3.12'
  is available with R version '4.0'; see https://bioconductor.org/install

Attaching package: ‘BiocManager’

The following object is masked from ‘package:devtools’:

    install

Loading required package: MutationalPatterns
Loading required package: GenomicRanges
Loading required package: stats4
Loading required package: BiocGenerics
Loading required package: parallel

Attaching package: ‘BiocGenerics’

The following objects are masked from ‘package:parallel’:

    clusterApply, clusterApplyLB, clusterCall, clusterEvalQ,
    clusterExport, clusterMap, parApply, parCapply, parLapply,
    parLapplyLB, parRapply, parSapply, parSapplyLB

The following object is masked from ‘package:heatmaply’:

    normalize

The following objects are masked from ‘package:stats’:

    IQR, mad, sd, var, xtabs

The following objects are masked from ‘package:base’:

    anyDuplicated, append, as.data.frame, basename, cbind, colMeans,
    colnames, colSums, dirname, do.call, duplicated, eval, evalq,
    Filter, Find, get, grep, grepl, intersect, is.unsorted, lapply,
    lengths, Map, mapply, match, mget, order, paste, pmax, pmax.int,
    pmin, pmin.int, Position, rank, rbind, Reduce, rowMeans, rownames,
    rowSums, sapply, setdiff, sort, table, tapply, union, unique,
    unsplit, which, which.max, which.min

Loading required package: S4Vectors

Attaching package: ‘S4Vectors’

The following object is masked from ‘package:gplots’:

    space

The following object is masked from ‘package:plotly’:

    rename

The following object is masked from ‘package:caTools’:

    runmean

The following objects are masked from ‘package:data.table’:

    first, second

The following object is masked from ‘package:base’:

    expand.grid

Loading required package: IRanges

Attaching package: ‘IRanges’

The following object is masked from ‘package:webshot’:

    resize

The following object is masked from ‘package:plotly’:

    slice

The following object is masked from ‘package:data.table’:

    shift

Loading required package: GenomeInfoDb
Loading required package: NMF
Loading required package: pkgmaker
Loading required package: registry

Attaching package: ‘pkgmaker’

The following object is masked from ‘package:S4Vectors’:

    new2

Loading required package: rngtools
Loading required package: cluster
NMF - BioConductor layer [OK] | Shared memory capabilities [NO: synchronicity] | Cores 39/40
  To enable shared memory capabilities, try: install.extras('
NMF
')

Attaching package: ‘NMF’

The following object is masked from ‘package:S4Vectors’:

    nrun

Loading required package: VariantAnnotation
Loading required package: SummarizedExperiment
Loading required package: DelayedArray
Loading required package: matrixStats

Attaching package: ‘matrixStats’

The following objects are masked from ‘package:Biobase’:

    anyMissing, rowMedians

Loading required package: BiocParallel

Attaching package: ‘BiocParallel’

The following object is masked from ‘package:NMF’:

    register


Attaching package: ‘DelayedArray’

The following objects are masked from ‘package:matrixStats’:

    colMaxs, colMins, colRanges, rowMaxs, rowMins, rowRanges

The following object is masked from ‘package:NMF’:

    seed

The following objects are masked from ‘package:base’:

    aperm, apply

Loading required package: Rsamtools
Loading required package: Biostrings
Loading required package: XVector

Attaching package: ‘Biostrings’

The following object is masked from ‘package:DelayedArray’:

    type

The following object is masked from ‘package:base’:

    strsplit


Attaching package: ‘VariantAnnotation’

The following object is masked from ‘package:base’:

    tabulate

Loading required package: BSgenome.Hsapiens.UCSC.hg38
Loading required package: BSgenome
Loading required package: rtracklayer

Attaching package: ‘rtracklayer’

The following object is masked from ‘package:plotly’:

    export

Loading required package: BSgenome.Hsapiens.UCSC.hg19

Attaching package: ‘BSgenome.Hsapiens.UCSC.hg19’

The following object is masked from ‘package:BSgenome.Hsapiens.UCSC.hg38’:

    Hsapiens

Loading required package: GenomicRanges
Loading required package: stats4
Loading required package: BiocGenerics
Loading required package: parallel

Attaching package: ‘BiocGenerics’

The following objects are masked from ‘package:parallel’:

    clusterApply, clusterApplyLB, clusterCall, clusterEvalQ,
    clusterExport, clusterMap, parApply, parCapply, parLapply,
    parLapplyLB, parRapply, parSapply, parSapplyLB

The following objects are masked from ‘package:stats’:

    IQR, mad, sd, var, xtabs

The following objects are masked from ‘package:base’:

    anyDuplicated, append, as.data.frame, basename, cbind, colMeans,
    colnames, colSums, dirname, do.call, duplicated, eval, evalq,
    Filter, Find, get, grep, grepl, intersect, is.unsorted, lapply,
    lengths, Map, mapply, match, mget, order, paste, pmax, pmax.int,
    pmin, pmin.int, Position, rank, rbind, Reduce, rowMeans, rownames,
    rowSums, sapply, setdiff, sort, table, tapply, union, unique,
    unsplit, which, which.max, which.min

Loading required package: S4Vectors

Attaching package: ‘S4Vectors’

The following object is masked from ‘package:base’:

    expand.grid

Loading required package: IRanges
Loading required package: GenomeInfoDb
Loading required package: NMF
Loading required package: pkgmaker
Loading required package: registry

Attaching package: ‘pkgmaker’

The following object is masked from ‘package:S4Vectors’:

    new2

Loading required package: rngtools
Loading required package: cluster
NMF - BioConductor layer [OK] | Shared memory capabilities [NO: synchronicity] | Cores 39/40
  To enable shared memory capabilities, try: install.extras('
NMF
')

Attaching package: ‘NMF’

The following object is masked from ‘package:S4Vectors’:

    nrun

Loading required package: SummarizedExperiment
Loading required package: DelayedArray
Loading required package: matrixStats

Attaching package: ‘matrixStats’

The following objects are masked from ‘package:Biobase’:

    anyMissing, rowMedians

Loading required package: BiocParallel

Attaching package: ‘BiocParallel’

The following object is masked from ‘package:NMF’:

    register


Attaching package: ‘DelayedArray’

The following objects are masked from ‘package:matrixStats’:

    colMaxs, colMins, colRanges, rowMaxs, rowMins, rowRanges

The following object is masked from ‘package:NMF’:

    seed

The following objects are masked from ‘package:base’:

    aperm, apply

Loading required package: Rsamtools
Loading required package: Biostrings
Loading required package: XVector

Attaching package: ‘Biostrings’

The following object is masked from ‘package:DelayedArray’:

    type

The following object is masked from ‘package:base’:

    strsplit


Attaching package: ‘VariantAnnotation’

The following object is masked from ‘package:base’:

    tabulate

Loading required package: plotly
Loading required package: ggplot2

Attaching package: ‘plotly’

The following object is masked from ‘package:ggplot2’:

    last_plot

The following object is masked from ‘package:VariantAnnotation’:

    select

The following object is masked from ‘package:XVector’:

    slice

The following object is masked from ‘package:IRanges’:

    slice

The following object is masked from ‘package:S4Vectors’:

    rename

The following object is masked from ‘package:stats’:

    filter

The following object is masked from ‘package:graphics’:

    layout

Loading required package: viridis
Loading required package: viridisLite

======================
Welcome to heatmaply version 1.1.1

Type citation('heatmaply') for how to cite the package.
Type ?heatmaply for the main documentation.

The github page is: https://github.com/talgalili/heatmaply/
Please submit your suggestions and bug-reports at: https://github.com/talgalili/heatmaply/issues
Or contact: <tal.galili@gmail.com>
======================


Attaching package: ‘heatmaply’

The following object is masked from ‘package:BiocGenerics’:

    normalize


Attaching package: ‘data.table’

The following objects are masked from ‘package:reshape2’:

    dcast, melt

The following object is masked from ‘package:SummarizedExperiment’:

    shift

The following object is masked from ‘package:GenomicRanges’:

    shift

The following object is masked from ‘package:IRanges’:

    shift

The following objects are masked from ‘package:S4Vectors’:

    first, second


Attaching package: ‘gplots’

The following object is masked from ‘package:IRanges’:

    space

The following object is masked from ‘package:S4Vectors’:

    space

The following object is masked from ‘package:stats’:

    lowess

Loading required package: rtracklayer

Attaching package: ‘rtracklayer’

The following object is masked from ‘package:plotly’:

    export

Warning messages:
1: In FUN(X[[i]], ...) :
  13038 position(s) with indels and/or multiple alternative alleles are excluded from TLCRC_020.hard-filtered.vcf.
2: In FUN(X[[i]], ...) :
  9768 position(s) with indels and/or multiple alternative alleles are excluded from TLCRC_043.hard-filtered.vcf.
3: In FUN(X[[i]], ...) :
  7239 position(s) with indels and/or multiple alternative alleles are excluded from TLCRC_047.hard-filtered.vcf.
Scale for 'y' is already present. Adding another scale for 'y', which will
replace the existing scale.
